#
# There is insufficient memory for the Java Runtime Environment to continue.
# Native memory allocation (malloc) failed to allocate 340816 bytes for Chunk::new
# Possible reasons:
#   The system is out of physical RAM or swap space
#   The process is running with CompressedOops enabled, and the Java Heap may be blocking the growth of the native heap
# Possible solutions:
#   Reduce memory load on the system
#   Increase physical memory or swap space
#   Check if swap backing store is full
#   Decrease Java heap size (-Xmx/-Xms)
#   Decrease number of Java threads
#   Decrease Java thread stack sizes (-Xss)
#   Set larger code cache with -XX:ReservedCodeCacheSize=
#   JVM is running with Unscaled Compressed Oops mode in which the Java heap is
#     placed in the first 4GB address space. The Java Heap base address is the
#     maximum limit for the native heap growth. Please use -XX:HeapBaseMinAddress
#     to set the Java Heap base and to place the Java Heap above 4GB virtual address.
# This output file may be truncated or incomplete.
#
#  Out of Memory Error (./open/src/hotspot/share/memory/arena.cpp:197), pid=6420, tid=7464
#
# JRE version: Java(TM) SE Runtime Environment 18.9 (11.0.11+9) (build 11.0.11+9-LTS-194)
# Java VM: Java HotSpot(TM) 64-Bit Server VM 18.9 (11.0.11+9-LTS-194, mixed mode, tiered, compressed oops, g1 gc, windows-amd64)
# No core dump will be written. Minidumps are not enabled by default on client versions of Windows
#

---------------  S U M M A R Y ------------

Command Line: -Dorg.gradle.native=false -Xmx512m -Dfile.encoding=windows-1252 -Duser.country=US -Duser.language=en -Duser.variant -ea worker.org.gradle.process.internal.worker.GradleWorkerMain 'Gradle Test Executor 9'

Host: Intel(R) Core(TM) i3-4005U CPU @ 1.70GHz, 4 cores, 3G,  Windows 10 , 64 bit Build 18362 (10.0.18362.329)
Time: Mon Aug  2 13:01:16 2021 India Standard Time elapsed time: 2.548780 seconds (0d 0h 0m 2s)

---------------  T H R E A D  ---------------

Current thread (0x000001feee614800):  JavaThread "C2 CompilerThread0" daemon [_thread_in_native, id=7464, stack(0x0000000171100000,0x0000000171200000)]


Current CompileTask:
C2:   2548 1350 % !   4       java.util.concurrent.ConcurrentHashMap::transfer @ 96 (828 bytes)

Stack: [0x0000000171100000,0x0000000171200000]
Native frames: (J=compiled Java code, j=interpreted, Vv=VM code, C=native code)
V  [jvm.dll+0x616f2a]
V  [jvm.dll+0x74de7f]
V  [jvm.dll+0x74f505]
V  [jvm.dll+0x74fb83]
V  [jvm.dll+0x2436d8]
V  [jvm.dll+0xba68c]
V  [jvm.dll+0xbad8c]
V  [jvm.dll+0x346272]
V  [jvm.dll+0x3140c3]
V  [jvm.dll+0x31340a]
V  [jvm.dll+0x1fd045]
V  [jvm.dll+0x1fc22f]
V  [jvm.dll+0x17f0bc]
V  [jvm.dll+0x20b68c]
V  [jvm.dll+0x20978b]
V  [jvm.dll+0x7152c9]
V  [jvm.dll+0x70dfc4]
V  [jvm.dll+0x6160f6]
C  [ucrtbase.dll+0x20e72]
C  [KERNEL32.DLL+0x17bd4]
C  [ntdll.dll+0x6ced1]


---------------  P R O C E S S  ---------------

Threads class SMR info:
_java_thread_list=0x000001feeefbf190, length=14, elements={
0x000001fed3158800, 0x000001feee5b3800, 0x000001feee5bc000, 0x000001feee60f800,
0x000001feee611800, 0x000001feee614800, 0x000001feee629000, 0x000001feee62b800,
0x000001feee891800, 0x000001feee892000, 0x000001feeee79000, 0x000001feeeeb7000,
0x000001feeedfb800, 0x000001feeef95800
}

Java Threads: ( => current thread )
  0x000001fed3158800 JavaThread "main" [_thread_blocked, id=1764, stack(0x0000000170600000,0x0000000170700000)]
  0x000001feee5b3800 JavaThread "Reference Handler" daemon [_thread_blocked, id=3076, stack(0x0000000170d00000,0x0000000170e00000)]
  0x000001feee5bc000 JavaThread "Finalizer" daemon [_thread_blocked, id=888, stack(0x0000000170e00000,0x0000000170f00000)]
  0x000001feee60f800 JavaThread "Signal Dispatcher" daemon [_thread_blocked, id=516, stack(0x0000000170f00000,0x0000000171000000)]
  0x000001feee611800 JavaThread "Attach Listener" daemon [_thread_blocked, id=5232, stack(0x0000000171000000,0x0000000171100000)]
=>0x000001feee614800 JavaThread "C2 CompilerThread0" daemon [_thread_in_native, id=7464, stack(0x0000000171100000,0x0000000171200000)]
  0x000001feee629000 JavaThread "C1 CompilerThread0" daemon [_thread_in_native, id=5968, stack(0x0000000171200000,0x0000000171300000)]
  0x000001feee62b800 JavaThread "Sweeper thread" daemon [_thread_blocked, id=3184, stack(0x0000000171300000,0x0000000171400000)]
  0x000001feee891800 JavaThread "Service Thread" daemon [_thread_blocked, id=5628, stack(0x0000000171400000,0x0000000171500000)]
  0x000001feee892000 JavaThread "Common-Cleaner" daemon [_thread_blocked, id=2548, stack(0x0000000171600000,0x0000000171700000)]
  0x000001feeee79000 JavaThread "Test worker" [_thread_blocked, id=3816, stack(0x0000000171800000,0x0000000171900000)]
  0x000001feeeeb7000 JavaThread "/127.0.0.1:53706 to /127.0.0.1:53705 workers Thread 2" [_thread_in_Java, id=8892, stack(0x0000000171900000,0x0000000171a00000)]
  0x000001feeedfb800 JavaThread "/127.0.0.1:53706 to /127.0.0.1:53705 workers Thread 3" [_thread_in_native, id=3348, stack(0x0000000171a00000,0x0000000171b00000)]
  0x000001feeef95800 JavaThread "mysql-cj-abandoned-connection-cleanup" daemon [_thread_in_vm, id=6772, stack(0x0000000171f00000,0x0000000172000000)]

Other Threads:
  0x000001feee5af800 VMThread "VM Thread" [stack: 0x0000000170c00000,0x0000000170d00000] [id=9424]
  0x000001feee893800 WatcherThread [stack: 0x0000000171500000,0x0000000171600000] [id=5560]
  0x000001fed316e800 GCTaskThread "GC Thread#0" [stack: 0x0000000170700000,0x0000000170800000] [id=8868]
  0x000001feeeed0000 GCTaskThread "GC Thread#1" [stack: 0x0000000171b00000,0x0000000171c00000] [id=3584]
  0x000001feeedfc800 GCTaskThread "GC Thread#2" [stack: 0x0000000171c00000,0x0000000171d00000] [id=3180]
  0x000001feeef3d000 GCTaskThread "GC Thread#3" [stack: 0x0000000171d00000,0x0000000171e00000] [id=7452]
  0x000001fed3188000 ConcurrentGCThread "G1 Main Marker" [stack: 0x0000000170800000,0x0000000170900000] [id=2480]
  0x000001fed318a000 ConcurrentGCThread "G1 Conc#0" [stack: 0x0000000170900000,0x0000000170a00000] [id=5160]
  0x000001fed31d2800 ConcurrentGCThread "G1 Refine#0" [stack: 0x0000000170a00000,0x0000000170b00000] [id=5448]
  0x000001feee906800 ConcurrentGCThread "G1 Refine#1" [stack: 0x0000000171e00000,0x0000000171f00000] [id=824]
  0x000001fed31d4800 ConcurrentGCThread "G1 Young RemSet Sampling" [stack: 0x0000000170b00000,0x0000000170c00000] [id=5816]

Threads with active compile tasks:
C2 CompilerThread0   2589 1350 % !   4       java.util.concurrent.ConcurrentHashMap::transfer @ 96 (828 bytes)
C1 CompilerThread0   2589 1368       3       jdk.internal.org.objectweb.asm.MethodWriter::put (1602 bytes)

VM state:not at safepoint (normal execution)

VM Mutex/Monitor currently owned by a thread: None

Heap address: 0x00000000e0000000, size: 512 MB, Compressed Oops mode: 32-bit
Narrow klass base: 0x0000000000000000, Narrow klass shift: 3
Compressed class space size: 1073741824 Address: 0x0000000100000000

Heap:
 garbage-first heap   total 65536K, used 7283K [0x00000000e0000000, 0x0000000100000000)
  region size 1024K, 5 young (5120K), 3 survivors (3072K)
 Metaspace       used 18726K, capacity 19164K, committed 19328K, reserved 1077248K
  class space    used 1989K, capacity 2163K, committed 2176K, reserved 1048576K
Heap Regions: E=young(eden), S=young(survivor), O=old, HS=humongous(starts), HC=humongous(continues), CS=collection set, F=free, A=archive, TAMS=top-at-mark-start (previous, next)
|   0|0x00000000e0000000, 0x00000000e0100000, 0x00000000e0100000|100%| O|  |TAMS 0x00000000e0100000, 0x00000000e0000000| Untracked 
|   1|0x00000000e0100000, 0x00000000e0200000, 0x00000000e0200000|100%| O|  |TAMS 0x00000000e0200000, 0x00000000e0100000| Untracked 
|   2|0x00000000e0200000, 0x00000000e0300000, 0x00000000e0300000|100%| O|  |TAMS 0x00000000e0300000, 0x00000000e0200000| Untracked 
|   3|0x00000000e0300000, 0x00000000e03cc400, 0x00000000e0400000| 79%| O|  |TAMS 0x00000000e03cc400, 0x00000000e0300000| Untracked 
|   4|0x00000000e0400000, 0x00000000e0400000, 0x00000000e0500000|  0%| F|  |TAMS 0x00000000e0400000, 0x00000000e0400000| Untracked 
|   5|0x00000000e0500000, 0x00000000e0500000, 0x00000000e0600000|  0%| F|  |TAMS 0x00000000e0500000, 0x00000000e0500000| Untracked 
|   6|0x00000000e0600000, 0x00000000e0600000, 0x00000000e0700000|  0%| F|  |TAMS 0x00000000e0600000, 0x00000000e0600000| Untracked 
|   7|0x00000000e0700000, 0x00000000e0700000, 0x00000000e0800000|  0%| F|  |TAMS 0x00000000e0700000, 0x00000000e0700000| Untracked 
|   8|0x00000000e0800000, 0x00000000e0800000, 0x00000000e0900000|  0%| F|  |TAMS 0x00000000e0800000, 0x00000000e0800000| Untracked 
|   9|0x00000000e0900000, 0x00000000e0900000, 0x00000000e0a00000|  0%| F|  |TAMS 0x00000000e0900000, 0x00000000e0900000| Untracked 
|  10|0x00000000e0a00000, 0x00000000e0a00000, 0x00000000e0b00000|  0%| F|  |TAMS 0x00000000e0a00000, 0x00000000e0a00000| Untracked 
|  11|0x00000000e0b00000, 0x00000000e0b00000, 0x00000000e0c00000|  0%| F|  |TAMS 0x00000000e0b00000, 0x00000000e0b00000| Untracked 
|  12|0x00000000e0c00000, 0x00000000e0c00000, 0x00000000e0d00000|  0%| F|  |TAMS 0x00000000e0c00000, 0x00000000e0c00000| Untracked 
|  13|0x00000000e0d00000, 0x00000000e0d00000, 0x00000000e0e00000|  0%| F|  |TAMS 0x00000000e0d00000, 0x00000000e0d00000| Untracked 
|  14|0x00000000e0e00000, 0x00000000e0e00000, 0x00000000e0f00000|  0%| F|  |TAMS 0x00000000e0e00000, 0x00000000e0e00000| Untracked 
|  15|0x00000000e0f00000, 0x00000000e0f00000, 0x00000000e1000000|  0%| F|  |TAMS 0x00000000e0f00000, 0x00000000e0f00000| Untracked 
|  16|0x00000000e1000000, 0x00000000e1000000, 0x00000000e1100000|  0%| F|  |TAMS 0x00000000e1000000, 0x00000000e1000000| Untracked 
|  17|0x00000000e1100000, 0x00000000e1100000, 0x00000000e1200000|  0%| F|  |TAMS 0x00000000e1100000, 0x00000000e1100000| Untracked 
|  18|0x00000000e1200000, 0x00000000e1200000, 0x00000000e1300000|  0%| F|  |TAMS 0x00000000e1200000, 0x00000000e1200000| Untracked 
|  19|0x00000000e1300000, 0x00000000e1300000, 0x00000000e1400000|  0%| F|  |TAMS 0x00000000e1300000, 0x00000000e1300000| Untracked 
|  20|0x00000000e1400000, 0x00000000e1400000, 0x00000000e1500000|  0%| F|  |TAMS 0x00000000e1400000, 0x00000000e1400000| Untracked 
|  21|0x00000000e1500000, 0x00000000e1500000, 0x00000000e1600000|  0%| F|  |TAMS 0x00000000e1500000, 0x00000000e1500000| Untracked 
|  22|0x00000000e1600000, 0x00000000e1600000, 0x00000000e1700000|  0%| F|  |TAMS 0x00000000e1600000, 0x00000000e1600000| Untracked 
|  23|0x00000000e1700000, 0x00000000e1700000, 0x00000000e1800000|  0%| F|  |TAMS 0x00000000e1700000, 0x00000000e1700000| Untracked 
|  24|0x00000000e1800000, 0x00000000e1800000, 0x00000000e1900000|  0%| F|  |TAMS 0x00000000e1800000, 0x00000000e1800000| Untracked 
|  25|0x00000000e1900000, 0x00000000e1900000, 0x00000000e1a00000|  0%| F|  |TAMS 0x00000000e1900000, 0x00000000e1900000| Untracked 
|  26|0x00000000e1a00000, 0x00000000e1a00000, 0x00000000e1b00000|  0%| F|  |TAMS 0x00000000e1a00000, 0x00000000e1a00000| Untracked 
|  27|0x00000000e1b00000, 0x00000000e1b00000, 0x00000000e1c00000|  0%| F|  |TAMS 0x00000000e1b00000, 0x00000000e1b00000| Untracked 
|  28|0x00000000e1c00000, 0x00000000e1c00000, 0x00000000e1d00000|  0%| F|  |TAMS 0x00000000e1c00000, 0x00000000e1c00000| Untracked 
|  29|0x00000000e1d00000, 0x00000000e1d00000, 0x00000000e1e00000|  0%| F|  |TAMS 0x00000000e1d00000, 0x00000000e1d00000| Untracked 
|  30|0x00000000e1e00000, 0x00000000e1e00000, 0x00000000e1f00000|  0%| F|  |TAMS 0x00000000e1e00000, 0x00000000e1e00000| Untracked 
|  31|0x00000000e1f00000, 0x00000000e1f00000, 0x00000000e2000000|  0%| F|  |TAMS 0x00000000e1f00000, 0x00000000e1f00000| Untracked 
|  32|0x00000000e2000000, 0x00000000e2000000, 0x00000000e2100000|  0%| F|  |TAMS 0x00000000e2000000, 0x00000000e2000000| Untracked 
|  33|0x00000000e2100000, 0x00000000e2100000, 0x00000000e2200000|  0%| F|  |TAMS 0x00000000e2100000, 0x00000000e2100000| Untracked 
|  34|0x00000000e2200000, 0x00000000e2200000, 0x00000000e2300000|  0%| F|  |TAMS 0x00000000e2200000, 0x00000000e2200000| Untracked 
|  35|0x00000000e2300000, 0x00000000e2300000, 0x00000000e2400000|  0%| F|  |TAMS 0x00000000e2300000, 0x00000000e2300000| Untracked 
|  36|0x00000000e2400000, 0x00000000e2400000, 0x00000000e2500000|  0%| F|  |TAMS 0x00000000e2400000, 0x00000000e2400000| Untracked 
|  37|0x00000000e2500000, 0x00000000e2500000, 0x00000000e2600000|  0%| F|  |TAMS 0x00000000e2500000, 0x00000000e2500000| Untracked 
|  38|0x00000000e2600000, 0x00000000e2600000, 0x00000000e2700000|  0%| F|  |TAMS 0x00000000e2600000, 0x00000000e2600000| Untracked 
|  39|0x00000000e2700000, 0x00000000e2700000, 0x00000000e2800000|  0%| F|  |TAMS 0x00000000e2700000, 0x00000000e2700000| Untracked 
|  40|0x00000000e2800000, 0x00000000e2800000, 0x00000000e2900000|  0%| F|  |TAMS 0x00000000e2800000, 0x00000000e2800000| Untracked 
|  41|0x00000000e2900000, 0x00000000e2900000, 0x00000000e2a00000|  0%| F|  |TAMS 0x00000000e2900000, 0x00000000e2900000| Untracked 
|  42|0x00000000e2a00000, 0x00000000e2a00000, 0x00000000e2b00000|  0%| F|  |TAMS 0x00000000e2a00000, 0x00000000e2a00000| Untracked 
|  43|0x00000000e2b00000, 0x00000000e2b00000, 0x00000000e2c00000|  0%| F|  |TAMS 0x00000000e2b00000, 0x00000000e2b00000| Untracked 
|  44|0x00000000e2c00000, 0x00000000e2c00000, 0x00000000e2d00000|  0%| F|  |TAMS 0x00000000e2c00000, 0x00000000e2c00000| Untracked 
|  45|0x00000000e2d00000, 0x00000000e2d00000, 0x00000000e2e00000|  0%| F|  |TAMS 0x00000000e2d00000, 0x00000000e2d00000| Untracked 
|  46|0x00000000e2e00000, 0x00000000e2e00000, 0x00000000e2f00000|  0%| F|  |TAMS 0x00000000e2e00000, 0x00000000e2e00000| Untracked 
|  47|0x00000000e2f00000, 0x00000000e2f508b0, 0x00000000e3000000| 31%| S|CS|TAMS 0x00000000e2f00000, 0x00000000e2f00000| Complete 
|  48|0x00000000e3000000, 0x00000000e3100000, 0x00000000e3100000|100%| S|CS|TAMS 0x00000000e3000000, 0x00000000e3000000| Complete 
|  49|0x00000000e3100000, 0x00000000e3200000, 0x00000000e3200000|100%| S|CS|TAMS 0x00000000e3100000, 0x00000000e3100000| Complete 
|  50|0x00000000e3200000, 0x00000000e3200000, 0x00000000e3300000|  0%| F|  |TAMS 0x00000000e3200000, 0x00000000e3200000| Untracked 
|  51|0x00000000e3300000, 0x00000000e3300000, 0x00000000e3400000|  0%| F|  |TAMS 0x00000000e3300000, 0x00000000e3300000| Untracked 
|  52|0x00000000e3400000, 0x00000000e3400000, 0x00000000e3500000|  0%| F|  |TAMS 0x00000000e3400000, 0x00000000e3400000| Untracked 
|  53|0x00000000e3500000, 0x00000000e3500000, 0x00000000e3600000|  0%| F|  |TAMS 0x00000000e3500000, 0x00000000e3500000| Untracked 
|  54|0x00000000e3600000, 0x00000000e3600000, 0x00000000e3700000|  0%| F|  |TAMS 0x00000000e3600000, 0x00000000e3600000| Untracked 
|  55|0x00000000e3700000, 0x00000000e3700000, 0x00000000e3800000|  0%| F|  |TAMS 0x00000000e3700000, 0x00000000e3700000| Untracked 
|  56|0x00000000e3800000, 0x00000000e3800000, 0x00000000e3900000|  0%| F|  |TAMS 0x00000000e3800000, 0x00000000e3800000| Untracked 
|  57|0x00000000e3900000, 0x00000000e3900000, 0x00000000e3a00000|  0%| F|  |TAMS 0x00000000e3900000, 0x00000000e3900000| Untracked 
|  58|0x00000000e3a00000, 0x00000000e3a00000, 0x00000000e3b00000|  0%| F|  |TAMS 0x00000000e3a00000, 0x00000000e3a00000| Untracked 
|  59|0x00000000e3b00000, 0x00000000e3b00000, 0x00000000e3c00000|  0%| F|  |TAMS 0x00000000e3b00000, 0x00000000e3b00000| Untracked 
|  60|0x00000000e3c00000, 0x00000000e3c00000, 0x00000000e3d00000|  0%| F|  |TAMS 0x00000000e3c00000, 0x00000000e3c00000| Untracked 
|  61|0x00000000e3d00000, 0x00000000e3d00000, 0x00000000e3e00000|  0%| F|  |TAMS 0x00000000e3d00000, 0x00000000e3d00000| Untracked 
|  62|0x00000000e3e00000, 0x00000000e3e82c40, 0x00000000e3f00000| 51%| E|  |TAMS 0x00000000e3e00000, 0x00000000e3e00000| Complete 
|  63|0x00000000e3f00000, 0x00000000e4000000, 0x00000000e4000000|100%| E|CS|TAMS 0x00000000e3f00000, 0x00000000e3f00000| Complete 

Card table byte_map: [0x000001feea600000,0x000001feea700000] _byte_map_base: 0x000001fee9f00000

Marking Bits (Prev, Next): (CMBitMap*) 0x000001fed3185010, (CMBitMap*) 0x000001fed3184fd8
 Prev Bits: [0x000001feeb000000, 0x000001feeb800000)
 Next Bits: [0x000001feea800000, 0x000001feeb000000)

Polling page: 0x000001fed1100000

Metaspace:

Usage:
  Non-class:     16.67 MB capacity,    16.35 MB ( 98%) used,   282.87 KB (  2%) free+waste,    37.38 KB ( <1%) overhead. 
      Class:      2.11 MB capacity,     1.95 MB ( 92%) used,   153.79 KB (  7%) free+waste,    17.25 KB ( <1%) overhead. 
       Both:     18.78 MB capacity,    18.30 MB ( 97%) used,   436.66 KB (  2%) free+waste,    54.63 KB ( <1%) overhead. 

Virtual space:
  Non-class space:       28.00 MB reserved,      16.75 MB ( 60%) committed 
      Class space:        1.00 GB reserved,       2.13 MB ( <1%) committed 
             Both:        1.03 GB reserved,      18.88 MB (  2%) committed 

Chunk freelists:
   Non-Class:  2.88 KB
       Class:  1.63 KB
        Both:  4.50 KB

CodeHeap 'non-profiled nmethods': size=120064Kb used=410Kb max_used=410Kb free=119653Kb
 bounds [0x000001fee30c0000, 0x000001fee3330000, 0x000001feea600000]
CodeHeap 'profiled nmethods': size=120000Kb used=2656Kb max_used=2656Kb free=117343Kb
 bounds [0x000001fedbb90000, 0x000001fedbe30000, 0x000001fee30c0000]
CodeHeap 'non-nmethods': size=5696Kb used=1141Kb max_used=1153Kb free=4554Kb
 bounds [0x000001fedb600000, 0x000001fedb870000, 0x000001fedbb90000]
 total_blobs=1845 nmethods=1366 adapters=391
 compilation: enabled
              stopped_count=0, restarted_count=0
 full_count=0

Compilation events (10 events):
Event: 2.511 Thread 0x000001feee629000 1346       3       java.lang.StringBuffer::<init> (7 bytes)
Event: 2.511 Thread 0x000001feee629000 nmethod 1346 0x000001fedbe14810 code [0x000001fedbe149c0, 0x000001fedbe14ae8]
Event: 2.513 Thread 0x000001feee614800 1349       4       java.io.WinNTFileSystem::normalize (143 bytes)
Event: 2.520 Thread 0x000001feee614800 nmethod 1349 0x000001fee3125410 code [0x000001fee31255e0, 0x000001fee3125850]
Event: 2.520 Thread 0x000001feee614800 1350 % !   4       java.util.concurrent.ConcurrentHashMap::transfer @ 96 (828 bytes)
Event: 2.528 Thread 0x000001feee629000 1351       3       java.lang.invoke.MethodType::erase (8 bytes)
Event: 2.529 Thread 0x000001feee629000 nmethod 1351 0x000001fedbe14b90 code [0x000001fedbe14d20, 0x000001fedbe14e38]
Event: 2.529 Thread 0x000001feee629000 1352       3       java.lang.invoke.TypeConvertingMethodAdapter::convertType (299 bytes)
Event: 2.544 Thread 0x000001feee629000 nmethod 1352 0x000001fedbe14f10 code [0x000001fedbe15840, 0x000001fedbe1a648]
Event: 2.546 Thread 0x000001feee629000 1354   !   3       java.lang.ref.ReferenceQueue::enqueue (119 bytes)

GC Heap History (6 events):
Event: 1.439 GC heap before
{Heap before GC invocations=0 (full 0):
 garbage-first heap   total 65536K, used 13312K [0x00000000e0000000, 0x0000000100000000)
  region size 1024K, 14 young (14336K), 0 survivors (0K)
 Metaspace       used 12736K, capacity 12915K, committed 12928K, reserved 1060864K
  class space    used 1341K, capacity 1404K, committed 1408K, reserved 1048576K
}
Event: 1.450 GC heap after
{Heap after GC invocations=1 (full 0):
 garbage-first heap   total 65536K, used 3893K [0x00000000e0000000, 0x0000000100000000)
  region size 1024K, 2 young (2048K), 2 survivors (2048K)
 Metaspace       used 12736K, capacity 12915K, committed 12928K, reserved 1060864K
  class space    used 1341K, capacity 1404K, committed 1408K, reserved 1048576K
}
Event: 1.685 GC heap before
{Heap before GC invocations=1 (full 0):
 garbage-first heap   total 65536K, used 7989K [0x00000000e0000000, 0x0000000100000000)
  region size 1024K, 6 young (6144K), 2 survivors (2048K)
 Metaspace       used 14055K, capacity 14363K, committed 14464K, reserved 1062912K
  class space    used 1490K, capacity 1609K, committed 1664K, reserved 1048576K
}
Event: 1.692 GC heap after
{Heap after GC invocations=2 (full 0):
 garbage-first heap   total 65536K, used 4223K [0x00000000e0000000, 0x0000000100000000)
  region size 1024K, 1 young (1024K), 1 survivors (1024K)
 Metaspace       used 14055K, capacity 14363K, committed 14464K, reserved 1062912K
  class space    used 1490K, capacity 1609K, committed 1664K, reserved 1048576K
}
Event: 2.536 GC heap before
{Heap before GC invocations=2 (full 0):
 garbage-first heap   total 65536K, used 16511K [0x00000000e0000000, 0x0000000100000000)
  region size 1024K, 14 young (14336K), 1 survivors (1024K)
 Metaspace       used 18560K, capacity 18971K, committed 19072K, reserved 1077248K
  class space    used 1963K, capacity 2125K, committed 2176K, reserved 1048576K
}
Event: 2.544 GC heap after
{Heap after GC invocations=3 (full 0):
 garbage-first heap   total 65536K, used 6259K [0x00000000e0000000, 0x0000000100000000)
  region size 1024K, 3 young (3072K), 3 survivors (3072K)
 Metaspace       used 18560K, capacity 18971K, committed 19072K, reserved 1077248K
  class space    used 1963K, capacity 2125K, committed 2176K, reserved 1048576K
}

Deoptimization events (10 events):
Event: 1.325 Thread 0x000001feeedfb800 Uncommon trap: reason=bimorphic_or_optimized_type_check action=maybe_recompile pc=0x000001fee30f102c method=java.util.HashMap.getNode(ILjava/lang/Object;)Ljava/util/HashMap$Node; @ 59 c2
Event: 1.326 Thread 0x000001feeedfb800 Uncommon trap: reason=bimorphic_or_optimized_type_check action=maybe_recompile pc=0x000001fee30f102c method=java.util.HashMap.getNode(ILjava/lang/Object;)Ljava/util/HashMap$Node; @ 59 c2
Event: 1.329 Thread 0x000001feeedfb800 Uncommon trap: reason=bimorphic_or_optimized_type_check action=maybe_recompile pc=0x000001fee30f102c method=java.util.HashMap.getNode(ILjava/lang/Object;)Ljava/util/HashMap$Node; @ 59 c2
Event: 1.643 Thread 0x000001feeee79000 Uncommon trap: reason=class_check action=maybe_recompile pc=0x000001fee30fdaac method=java.util.HashMap.putVal(ILjava/lang/Object;Ljava/lang/Object;ZZ)Ljava/lang/Object; @ 203 c2
Event: 1.643 Thread 0x000001feeee79000 Uncommon trap: reason=class_check action=maybe_recompile pc=0x000001fee30fdaac method=java.util.HashMap.putVal(ILjava/lang/Object;Ljava/lang/Object;ZZ)Ljava/lang/Object; @ 203 c2
Event: 1.644 Thread 0x000001feeee79000 Uncommon trap: reason=class_check action=maybe_recompile pc=0x000001fee30fda68 method=java.util.HashMap.putVal(ILjava/lang/Object;Ljava/lang/Object;ZZ)Ljava/lang/Object; @ 253 c2
Event: 1.646 Thread 0x000001feeee79000 Uncommon trap: reason=class_check action=maybe_recompile pc=0x000001fee30fdaac method=java.util.HashMap.putVal(ILjava/lang/Object;Ljava/lang/Object;ZZ)Ljava/lang/Object; @ 203 c2
Event: 1.813 Thread 0x000001feeef95800 Uncommon trap: reason=unstable_if action=reinterpret pc=0x000001fee30e5d3c method=java.util.zip.ZipFile$Source.getEntryPos([BZ)I @ 145 c2
Event: 1.882 Thread 0x000001feeee79000 Uncommon trap: reason=unstable_if action=reinterpret pc=0x000001fee30d2600 method=java.io.WinNTFileSystem.isSlash(C)Z @ 9 c2
Event: 2.326 Thread 0x000001feeee79000 Uncommon trap: reason=bimorphic_or_optimized_type_check action=maybe_recompile pc=0x000001fee3105f04 method=java.util.HashMap.putVal(ILjava/lang/Object;Ljava/lang/Object;ZZ)Ljava/lang/Object; @ 203 c2

Classes redefined (0 events):
No events

Internal exceptions (10 events):
Event: 1.542 Thread 0x000001feeee79000 Exception <a 'java/lang/NoSuchMethodError'{0x00000000e3ecbb68}: java.lang.invoke.DirectMethodHandle$Holder.invokeVirtual(Ljava/lang/Object;Ljava/lang/Object;)I> (0x00000000e3ecbb68) thrown at [./open/src/hotspot/share/interpreter/linkResolver.cpp, line 77
Event: 1.568 Thread 0x000001feeee79000 Exception <a 'java/lang/NoSuchMethodError'{0x00000000e3d3c740}: java.lang.invoke.DirectMethodHandle$Holder.invokeStaticInit(Ljava/lang/Object;Ljava/lang/Object;Ljava/lang/Object;)I> (0x00000000e3d3c740) thrown at [./open/src/hotspot/share/interpreter/link
Event: 1.634 Thread 0x000001feeee79000 Exception <a 'java/lang/NoSuchMethodError'{0x00000000e3c40a18}: java.lang.invoke.DirectMethodHandle$Holder.invokeSpecial(Ljava/lang/Object;Ljava/lang/Object;Ljava/lang/Object;Ljava/lang/Object;Ljava/lang/Object;Ljava/lang/Object;Ljava/lang/Object;Ljava/la
Event: 1.636 Thread 0x000001feeee79000 Exception <a 'java/lang/NoSuchMethodError'{0x00000000e3c4aef0}: java.lang.invoke.Invokers$Holder.linkToTargetMethod(Ljava/lang/Object;Ljava/lang/Object;Ljava/lang/Object;Ljava/lang/Object;Ljava/lang/Object;Ljava/lang/Object;Ljava/lang/Object;Ljava/lang/Ob
Event: 1.658 Thread 0x000001feeee79000 Exception <a 'java/lang/NoSuchMethodError'{0x00000000e3ca4398}: java.lang.invoke.Invokers$Holder.linkToTargetMethod(Ljava/lang/Object;Ljava/lang/Object;Ljava/lang/Object;Ljava/lang/Object;Ljava/lang/Object;Ljava/lang/Object;Ljava/lang/Object;)Ljava/lang/O
Event: 1.901 Thread 0x000001feeee79000 Exception <a 'java/lang/NoSuchMethodError'{0x00000000e3d67bd0}: java.lang.invoke.DirectMethodHandle$Holder.invokeSpecialIFC(Ljava/lang/Object;Ljava/lang/Object;I)I> (0x00000000e3d67bd0) thrown at [./open/src/hotspot/share/interpreter/linkResolver.cpp, lin
Event: 2.001 Thread 0x000001feeee79000 Exception <a 'java/lang/NoSuchMethodError'{0x00000000e3c84838}: java.lang.invoke.DirectMethodHandle$Holder.invokeSpecial(Ljava/lang/Object;Ljava/lang/Object;Ljava/lang/Object;Ljava/lang/Object;)V> (0x00000000e3c84838) thrown at [./open/src/hotspot/share/i
Event: 2.002 Thread 0x000001feeee79000 Exception <a 'java/lang/NoSuchMethodError'{0x00000000e3c8b268}: java.lang.invoke.DirectMethodHandle$Holder.invokeVirtual(Ljava/lang/Object;Ljava/lang/Object;Ljava/lang/Object;)Ljava/lang/Object;> (0x00000000e3c8b268) thrown at [./open/src/hotspot/share/in
Event: 2.398 Thread 0x000001feeee79000 Exception <a 'java/lang/NoSuchMethodError'{0x00000000e34c2988}: java.lang.invoke.DirectMethodHandle$Holder.invokeInterface(Ljava/lang/Object;Ljava/lang/Object;)V> (0x00000000e34c2988) thrown at [./open/src/hotspot/share/interpreter/linkResolver.cpp, line 
Event: 2.524 Thread 0x000001feeee79000 Exception <a 'java/lang/reflect/InvocationTargetException'{0x00000000e323b3e8}> (0x00000000e323b3e8) thrown at [./open/src/hotspot/share/runtime/reflection.cpp, line 1242]

Events (10 events):
Event: 2.534 loading class org/gradle/internal/serialize/ExceptionReplacingObjectOutputStream$1 done
Event: 2.534 loading class java/util/IdentityHashMap$IdentityHashMapIterator
Event: 2.536 loading class java/lang/Throwable$PrintStreamOrWriter
Event: 2.536 Executing VM operation: CollectForMetadataAllocation
Event: 2.544 Executing VM operation: CollectForMetadataAllocation done
Event: 2.545 Executing VM operation: RevokeBias
Event: 2.545 loading class java/util/IdentityHashMap$IdentityHashMapIterator done
Event: 2.545 Executing VM operation: RevokeBias done
Event: 2.545 loading class com/mysql/cj/protocol/ExportControlled
Event: 2.545 loading class com/mysql/cj/protocol/ExportControlled done


Dynamic libraries:
0x00007ff79d490000 - 0x00007ff79d49f000 	C:\Program Files\Java\jdk-11.0.11\bin\java.exe
0x00007fff30900000 - 0x00007fff30af0000 	C:\Windows\SYSTEM32\ntdll.dll
0x00007fff2f6f0000 - 0x00007fff2f7a2000 	C:\Windows\System32\KERNEL32.DLL
0x00007fff2d9d0000 - 0x00007fff2dc73000 	C:\Windows\System32\KERNELBASE.dll
0x00007fff2e8b0000 - 0x00007fff2e9aa000 	C:\Windows\System32\ucrtbase.dll
0x00007fff2a150000 - 0x00007fff2a165000 	C:\Program Files\Java\jdk-11.0.11\bin\VCRUNTIME140.dll
0x00007fff2b960000 - 0x00007fff2b978000 	C:\Program Files\Java\jdk-11.0.11\bin\jli.dll
0x00007fff2f430000 - 0x00007fff2f4d3000 	C:\Windows\System32\ADVAPI32.dll
0x00007fff2fa60000 - 0x00007fff2fafe000 	C:\Windows\System32\msvcrt.dll
0x00007fff2ea70000 - 0x00007fff2eb07000 	C:\Windows\System32\sechost.dll
0x00007fff2f880000 - 0x00007fff2f9a0000 	C:\Windows\System32\RPCRT4.dll
0x00007fff2ec70000 - 0x00007fff2ee04000 	C:\Windows\System32\USER32.dll
0x00007fff2d9a0000 - 0x00007fff2d9c1000 	C:\Windows\System32\win32u.dll
0x00007fff1ed00000 - 0x00007fff1ef85000 	C:\Windows\WinSxS\amd64_microsoft.windows.common-controls_6595b64144ccf1df_6.0.18362.418_none_e6c6b287130d565d\COMCTL32.dll
0x00007fff2f9a0000 - 0x00007fff2f9c6000 	C:\Windows\System32\GDI32.dll
0x00007fff2ee80000 - 0x00007fff2f1b6000 	C:\Windows\System32\combase.dll
0x00007fff2dd50000 - 0x00007fff2dee4000 	C:\Windows\System32\gdi32full.dll
0x00007fff2e060000 - 0x00007fff2e0fe000 	C:\Windows\System32\msvcp_win.dll
0x00007fff2dcd0000 - 0x00007fff2dd50000 	C:\Windows\System32\bcryptPrimitives.dll
0x00007fff22520000 - 0x00007fff2252a000 	C:\Windows\SYSTEM32\VERSION.dll
0x00007fff30270000 - 0x00007fff3029e000 	C:\Windows\System32\IMM32.DLL
0x00007fff1e190000 - 0x00007fff1e22b000 	C:\Program Files\Java\jdk-11.0.11\bin\msvcp140.dll
0x00007fff089f0000 - 0x00007fff094ee000 	C:\Program Files\Java\jdk-11.0.11\bin\server\jvm.dll
0x00007fff308b0000 - 0x00007fff308b8000 	C:\Windows\System32\PSAPI.DLL
0x00007fff285d0000 - 0x00007fff285d9000 	C:\Windows\SYSTEM32\WSOCK32.dll
0x00007fff2f500000 - 0x00007fff2f56f000 	C:\Windows\System32\WS2_32.dll
0x00007fff2b820000 - 0x00007fff2b844000 	C:\Windows\SYSTEM32\WINMM.dll
0x00007fff2b7f0000 - 0x00007fff2b81d000 	C:\Windows\SYSTEM32\winmmbase.dll
0x00007fff2dc80000 - 0x00007fff2dcca000 	C:\Windows\System32\cfgmgr32.dll
0x00007fff2d7e0000 - 0x00007fff2d7f1000 	C:\Windows\System32\kernel.appcore.dll
0x00007fff2b950000 - 0x00007fff2b960000 	C:\Program Files\Java\jdk-11.0.11\bin\verify.dll
0x00007fff17d20000 - 0x00007fff17f14000 	C:\Windows\SYSTEM32\DBGHELP.DLL
0x00007fff17b30000 - 0x00007fff17b5a000 	C:\Windows\SYSTEM32\dbgcore.DLL
0x00007fff2a030000 - 0x00007fff2a058000 	C:\Program Files\Java\jdk-11.0.11\bin\java.dll
0x00007fff2a140000 - 0x00007fff2a14a000 	C:\Program Files\Java\jdk-11.0.11\bin\jimage.dll
0x00007fff1e820000 - 0x00007fff1e836000 	C:\Program Files\Java\jdk-11.0.11\bin\zip.dll
0x00007fff2fb80000 - 0x00007fff30265000 	C:\Windows\System32\SHELL32.dll
0x00007fff2f640000 - 0x00007fff2f6e9000 	C:\Windows\System32\shcore.dll
0x00007fff2e130000 - 0x00007fff2e8af000 	C:\Windows\System32\windows.storage.dll
0x00007fff2d820000 - 0x00007fff2d83f000 	C:\Windows\System32\profapi.dll
0x00007fff2d840000 - 0x00007fff2d88a000 	C:\Windows\System32\powrprof.dll
0x00007fff2d7d0000 - 0x00007fff2d7e0000 	C:\Windows\System32\UMPDC.dll
0x00007fff2e9b0000 - 0x00007fff2ea02000 	C:\Windows\System32\shlwapi.dll
0x00007fff2e040000 - 0x00007fff2e057000 	C:\Windows\System32\cryptsp.dll
0x00007fff1e800000 - 0x00007fff1e819000 	C:\Program Files\Java\jdk-11.0.11\bin\net.dll
0x00007fff1d510000 - 0x00007fff1d600000 	C:\Windows\SYSTEM32\WINHTTP.dll
0x00007fff2d040000 - 0x00007fff2d0a7000 	C:\Windows\system32\mswsock.dll
0x00007fff1c690000 - 0x00007fff1c6a2000 	C:\Program Files\Java\jdk-11.0.11\bin\nio.dll
0x00007fff2cbb0000 - 0x00007fff2cbe3000 	C:\Windows\system32\rsaenh.dll
0x00007fff2e100000 - 0x00007fff2e126000 	C:\Windows\System32\bcrypt.dll
0x00007fff2d6f0000 - 0x00007fff2d715000 	C:\Windows\SYSTEM32\USERENV.dll
0x00007fff2d210000 - 0x00007fff2d21c000 	C:\Windows\SYSTEM32\CRYPTBASE.dll
0x00007fff2cd50000 - 0x00007fff2cd8a000 	C:\Windows\SYSTEM32\IPHLPAPI.DLL
0x00007fff2fa50000 - 0x00007fff2fa58000 	C:\Windows\System32\NSI.dll
0x00007fff23510000 - 0x00007fff23526000 	C:\Windows\SYSTEM32\dhcpcsvc6.DLL
0x00007fff24820000 - 0x00007fff2483c000 	C:\Windows\SYSTEM32\dhcpcsvc.DLL
0x00007fff2cd90000 - 0x00007fff2ce5a000 	C:\Windows\SYSTEM32\DNSAPI.dll
0x00007fff1ca40000 - 0x00007fff1ca4a000 	C:\Windows\System32\rasadhlp.dll
0x00007fff224a0000 - 0x00007fff22517000 	C:\Windows\System32\fwpuclnt.dll

dbghelp: loaded successfully - version: 4.0.5 - missing functions: none
symbol engine: initialized successfully - sym options: 0x614 - pdb path: .;C:\Program Files\Java\jdk-11.0.11\bin;C:\Windows\SYSTEM32;C:\Windows\WinSxS\amd64_microsoft.windows.common-controls_6595b64144ccf1df_6.0.18362.418_none_e6c6b287130d565d;C:\Program Files\Java\jdk-11.0.11\bin\server

VM Arguments:
jvm_args: -Dorg.gradle.native=false -Xmx512m -Dfile.encoding=windows-1252 -Duser.country=US -Duser.language=en -Duser.variant -ea 
java_command: worker.org.gradle.process.internal.worker.GradleWorkerMain 'Gradle Test Executor 9'
java_class_path (initial): C:\Users\Shweta\.gradle\caches\6.8\workerMain\gradle-worker.jar;C:\Users\Shweta\IdeaProjects\DB Testing\build\classes\java\test;C:\Users\Shweta\IdeaProjects\DB Testing\build\resources\test;C:\Users\Shweta\IdeaProjects\DB Testing\build\classes\java\main;C:\Users\Shweta\IdeaProjects\DB Testing\build\resources\main;C:\Users\Shweta\.gradle\caches\modules-2\files-2.1\mysql\mysql-connector-java\8.0.25\f8b9123acd13058c941aff25f308c9ed8000bb73\mysql-connector-java-8.0.25.jar;C:\Users\Shweta\.gradle\caches\modules-2\files-2.1\org.testng\testng\7.3.0\a5069c3dfba58d23702f96c3d9f5081f5ce7136f\testng-7.3.0.jar;C:\Users\Shweta\.gradle\caches\modules-2\files-2.1\com.google.protobuf\protobuf-java\3.11.4\7ec0925cc3aef0335bbc7d57edfd42b0f86f8267\protobuf-java-3.11.4.jar;C:\Users\Shweta\.gradle\caches\modules-2\files-2.1\com.beust\jcommander\1.78\a3927de9bd6f351429bcf763712c9890629d8f51\jcommander-1.78.jar;C:\Users\Shweta\.gradle\caches\modules-2\files-2.1\org.apache.ant\ant\1.10.3\88becdeb77cdd2457757b7268e1a10666c03d382\ant-1.10.3.jar;C:\Users\Shweta\.gradle\caches\modules-2\files-2.1\junit\junit\4.12\2973d150c0dc1fefe998f834810d68f278ea58ec\junit-4.12.jar;C:\Users\Shweta\.gradle\caches\modules-2\files-2.1\com.google.inject\guice\4.2.2\fa13659f9128f4c011c8e1d06f137083b4876377\guice-4.2.2-no_aop.jar;C:\Users\Shweta\.gradle\caches\modules-2\files-2.1\org.yaml\snakeyaml\1.21\18775fdda48574784f40b47bf478ab0593f92e4d\snakeyaml-1.21.jar;C:\Users\Shweta\.gradle\caches\modules-2\files-2.1\org.apache.ant\ant-launcher\1.10.3\9dd5189e7f561ca19833b4e3672720b9bc5cb2fe\ant-launcher-1.10.3.jar;C:\Users\Shweta\.gradle\caches\modules-2\files-2.1\org.hamcrest\hamcrest-core\1.3\42a25dc3219429f0e5d060061f71acb49bf010a0\hamcrest-core-1.3.jar;C:\Users\Shweta\.gradle\caches\modules-2\files-2.1\javax.inject\javax.inject\1\6975da39a7040257bd51d21a231b76c915872d38\javax.inject-1.jar;C:\Users\Shweta\.gradle\caches\modules-2\files-2.1\aopalliance\aopalliance\1.0\235ba8b489512805ac1
Launcher Type: SUN_STANDARD

[Global flags]
     intx CICompilerCount                          = 3                                         {product} {ergonomic}
     uint ConcGCThreads                            = 1                                         {product} {ergonomic}
     uint G1ConcRefinementThreads                  = 4                                         {product} {ergonomic}
   size_t G1HeapRegionSize                         = 1048576                                   {product} {ergonomic}
    uintx GCDrainStackTargetSize                   = 64                                        {product} {ergonomic}
   size_t InitialHeapSize                          = 67108864                                  {product} {ergonomic}
   size_t MarkStackSize                            = 4194304                                   {product} {ergonomic}
   size_t MaxHeapSize                              = 536870912                                 {product} {command line}
   size_t MaxNewSize                               = 321912832                                 {product} {ergonomic}
   size_t MinHeapDeltaBytes                        = 1048576                                   {product} {ergonomic}
    uintx NonNMethodCodeHeapSize                   = 5830732                                {pd product} {ergonomic}
    uintx NonProfiledCodeHeapSize                  = 122913754                              {pd product} {ergonomic}
    uintx ProfiledCodeHeapSize                     = 122913754                              {pd product} {ergonomic}
    uintx ReservedCodeCacheSize                    = 251658240                              {pd product} {ergonomic}
     bool SegmentedCodeCache                       = true                                      {product} {ergonomic}
     bool UseCompressedClassPointers               = true                                 {lp64_product} {ergonomic}
     bool UseCompressedOops                        = true                                 {lp64_product} {ergonomic}
     bool UseG1GC                                  = true                                      {product} {ergonomic}
     bool UseLargePagesIndividualAllocation        = false                                  {pd product} {ergonomic}

Logging:
Log output configuration:
 #0: stdout all=warning uptime,level,tags
 #1: stderr all=off uptime,level,tags

Environment Variables:
JAVA_HOME=C:\Program Files\Java\jdk-11.0.11
PATH=C:\Python39\Scripts\;C:\Python39\;C:\Windows\system32;C:\Windows;C:\Windows\System32\Wbem;C:\Windows\System32\WindowsPowerShell\v1.0\;C:\Windows\System32\OpenSSH\;C:\Program Files\Git\cmd;C:\Program Files\Java\jdk-11.0.11\bin;C:\ProgramData\chocolatey\bin;C:\Program Files\nodejs\;C:\Program Files\MySQL\MySQL Shell 8.0\bin\;C:\Users\Shweta\AppData\Local\Microsoft\WindowsApps;;C:\Program Files\JetBrains\IntelliJ IDEA Community Edition 2021.1.2\bin;;C:\Users\Shweta\AppData\Local\Programs\Microsoft VS Code\bin;C:\Users\Shweta\AppData\Roaming\npm
USERNAME=Shweta
OS=Windows_NT
PROCESSOR_IDENTIFIER=Intel64 Family 6 Model 69 Stepping 1, GenuineIntel



---------------  S Y S T E M  ---------------

OS: Windows 10 , 64 bit Build 18362 (10.0.18362.329)

CPU:total 4 (initial active 4) (2 cores per cpu, 2 threads per core) family 6 model 69 stepping 1 microcode 0x24, cmov, cx8, fxsr, mmx, sse, sse2, sse3, ssse3, sse4.1, sse4.2, popcnt, avx, avx2, aes, clmul, erms, lzcnt, ht, tsc, tscinvbit, bmi1, bmi2, fma

Memory: 4k page, system-wide physical 3999M (173M free)
TotalPageFile size 6344M (AvailPageFile size 16M)
current process WorkingSet (physical memory assigned to process): 80M, peak: 80M
current process commit charge ("private bytes"): 155M, peak: 155M

vm_info: Java HotSpot(TM) 64-Bit Server VM (11.0.11+9-LTS-194) for windows-amd64 JRE (11.0.11+9-LTS-194), built on Mar 18 2021 18:46:53 by "mach5one" with MS VC++ 15.9 (VS2017)

END.
