#
# There is insufficient memory for the Java Runtime Environment to continue.
# Native memory allocation (mmap) failed to map 67108864 bytes for Failed to commit area from 0x00000000e0000000 to 0x00000000e4000000 of length 67108864.
# Possible reasons:
#   The system is out of physical RAM or swap space
#   The process is running with CompressedOops enabled, and the Java Heap may be blocking the growth of the native heap
# Possible solutions:
#   Reduce memory load on the system
#   Increase physical memory or swap space
#   Check if swap backing store is full
#   Decrease Java heap size (-Xmx/-Xms)
#   Decrease number of Java threads
#   Decrease Java thread stack sizes (-Xss)
#   Set larger code cache with -XX:ReservedCodeCacheSize=
# This output file may be truncated or incomplete.
#
#  Out of Memory Error (./open/src/hotspot/os/windows/os_windows.cpp:3273), pid=2668, tid=6452
#
# JRE version:  (11.0.11+9) (build )
# Java VM: Java HotSpot(TM) 64-Bit Server VM (11.0.11+9-LTS-194, mixed mode, sharing, tiered, compressed oops, g1 gc, windows-amd64)
# No core dump will be written. Minidumps are not enabled by default on client versions of Windows
#

---------------  S U M M A R Y ------------

Command Line: -Dorg.gradle.native=false -Xmx512m -Dfile.encoding=windows-1252 -Duser.country=US -Duser.language=en -Duser.variant -ea worker.org.gradle.process.internal.worker.GradleWorkerMain 'Gradle Test Executor 8'

Host: Intel(R) Core(TM) i3-4005U CPU @ 1.70GHz, 4 cores, 3G,  Windows 10 , 64 bit Build 18362 (10.0.18362.329)
Time: Mon Aug  2 13:00:16 2021 India Standard Time elapsed time: 0.041555 seconds (0d 0h 0m 0s)

---------------  T H R E A D  ---------------

Current thread (0x000001473de59800):  JavaThread "Unknown thread" [_thread_in_vm, id=6452, stack(0x0000000929600000,0x0000000929700000)]

Stack: [0x0000000929600000,0x0000000929700000]
Native frames: (J=compiled Java code, j=interpreted, Vv=VM code, C=native code)
V  [jvm.dll+0x616f2a]
V  [jvm.dll+0x74de7f]
V  [jvm.dll+0x74f505]
V  [jvm.dll+0x74fb83]
V  [jvm.dll+0x2436d8]
V  [jvm.dll+0x61431a]
V  [jvm.dll+0x6090f5]
V  [jvm.dll+0x2f7eec]
V  [jvm.dll+0x2f7d72]
V  [jvm.dll+0x2fca26]
V  [jvm.dll+0x33efef]
V  [jvm.dll+0x33ea20]
V  [jvm.dll+0x2d5608]
V  [jvm.dll+0x2d6766]
V  [jvm.dll+0x7299e7]
V  [jvm.dll+0x72b28f]
V  [jvm.dll+0x34bd39]
V  [jvm.dll+0x70f360]
V  [jvm.dll+0x3b50df]
V  [jvm.dll+0x3b71e1]
C  [jli.dll+0x520b]
C  [ucrtbase.dll+0x20e72]
C  [KERNEL32.DLL+0x17bd4]
C  [ntdll.dll+0x6ced1]


---------------  P R O C E S S  ---------------

Threads class SMR info:
_java_thread_list=0x000001473bc16300, length=0, elements={
}

Java Threads: ( => current thread )

Other Threads:
  0x000001473de70800 GCTaskThread "GC Thread#0" [stack: 0x0000000929700000,0x0000000929800000] [id=3292]
  0x000001473de89800 ConcurrentGCThread "G1 Main Marker" [stack: 0x0000000929800000,0x0000000929900000] [id=6964]
  0x000001473de8c000 ConcurrentGCThread "G1 Conc#0" [stack: 0x0000000929900000,0x0000000929a00000] [id=7736]

[error occurred during error reporting (printing all threads), id 0xc0000005, EXCEPTION_ACCESS_VIOLATION (0xc0000005) at pc=0x00007fff08cd4857]

VM state:not at safepoint (not fully initialized)

VM Mutex/Monitor currently owned by a thread:  ([mutex/lock_event])
[0x000001473de55270] Heap_lock - owner thread: 0x000001473de59800

Heap address: 0x00000000e0000000, size: 512 MB, Compressed Oops mode: Non-zero based: 0x00000000e0000000
Narrow klass base: 0x0000000000000000, Narrow klass shift: 0

GC Heap History (0 events):
No events

Deoptimization events (0 events):
No events

Classes redefined (0 events):
No events

Internal exceptions (0 events):
No events

Events (0 events):
No events


Dynamic libraries:
0x00007ff79d490000 - 0x00007ff79d49f000 	C:\Program Files\Java\jdk-11.0.11\bin\java.exe
0x00007fff30900000 - 0x00007fff30af0000 	C:\Windows\SYSTEM32\ntdll.dll
0x00007fff2f6f0000 - 0x00007fff2f7a2000 	C:\Windows\System32\KERNEL32.DLL
0x00007fff2d9d0000 - 0x00007fff2dc73000 	C:\Windows\System32\KERNELBASE.dll
0x00007fff2e8b0000 - 0x00007fff2e9aa000 	C:\Windows\System32\ucrtbase.dll
0x00007fff2b960000 - 0x00007fff2b978000 	C:\Program Files\Java\jdk-11.0.11\bin\jli.dll
0x00007fff2a150000 - 0x00007fff2a165000 	C:\Program Files\Java\jdk-11.0.11\bin\VCRUNTIME140.dll
0x00007fff2f430000 - 0x00007fff2f4d3000 	C:\Windows\System32\ADVAPI32.dll
0x00007fff2fa60000 - 0x00007fff2fafe000 	C:\Windows\System32\msvcrt.dll
0x00007fff2ea70000 - 0x00007fff2eb07000 	C:\Windows\System32\sechost.dll
0x00007fff2f880000 - 0x00007fff2f9a0000 	C:\Windows\System32\RPCRT4.dll
0x00007fff2ec70000 - 0x00007fff2ee04000 	C:\Windows\System32\USER32.dll
0x00007fff2d9a0000 - 0x00007fff2d9c1000 	C:\Windows\System32\win32u.dll
0x00007fff2f9a0000 - 0x00007fff2f9c6000 	C:\Windows\System32\GDI32.dll
0x00007fff2dd50000 - 0x00007fff2dee4000 	C:\Windows\System32\gdi32full.dll
0x00007fff2e060000 - 0x00007fff2e0fe000 	C:\Windows\System32\msvcp_win.dll
0x00007fff1ed00000 - 0x00007fff1ef85000 	C:\Windows\WinSxS\amd64_microsoft.windows.common-controls_6595b64144ccf1df_6.0.18362.418_none_e6c6b287130d565d\COMCTL32.dll
0x00007fff22520000 - 0x00007fff2252a000 	C:\Windows\SYSTEM32\VERSION.dll
0x00007fff2ee80000 - 0x00007fff2f1b6000 	C:\Windows\System32\combase.dll
0x00007fff2dcd0000 - 0x00007fff2dd50000 	C:\Windows\System32\bcryptPrimitives.dll
0x00007fff30270000 - 0x00007fff3029e000 	C:\Windows\System32\IMM32.DLL
0x00007fff1e190000 - 0x00007fff1e22b000 	C:\Program Files\Java\jdk-11.0.11\bin\msvcp140.dll
0x00007fff089f0000 - 0x00007fff094ee000 	C:\Program Files\Java\jdk-11.0.11\bin\server\jvm.dll
0x00007fff308b0000 - 0x00007fff308b8000 	C:\Windows\System32\PSAPI.DLL
0x00007fff2b820000 - 0x00007fff2b844000 	C:\Windows\SYSTEM32\WINMM.dll
0x00007fff285d0000 - 0x00007fff285d9000 	C:\Windows\SYSTEM32\WSOCK32.dll
0x00007fff2b7f0000 - 0x00007fff2b81d000 	C:\Windows\SYSTEM32\winmmbase.dll
0x00007fff2dc80000 - 0x00007fff2dcca000 	C:\Windows\System32\cfgmgr32.dll
0x00007fff2f500000 - 0x00007fff2f56f000 	C:\Windows\System32\WS2_32.dll
0x00007fff2d7e0000 - 0x00007fff2d7f1000 	C:\Windows\System32\kernel.appcore.dll
0x00007fff2b950000 - 0x00007fff2b960000 	C:\Program Files\Java\jdk-11.0.11\bin\verify.dll
0x00007fff17d20000 - 0x00007fff17f14000 	C:\Windows\SYSTEM32\DBGHELP.DLL
0x00007fff17b30000 - 0x00007fff17b5a000 	C:\Windows\SYSTEM32\dbgcore.DLL
0x00007fff2a030000 - 0x00007fff2a058000 	C:\Program Files\Java\jdk-11.0.11\bin\java.dll
0x00007fff2a140000 - 0x00007fff2a14a000 	C:\Program Files\Java\jdk-11.0.11\bin\jimage.dll
0x00007fff1e820000 - 0x00007fff1e836000 	C:\Program Files\Java\jdk-11.0.11\bin\zip.dll

dbghelp: loaded successfully - version: 4.0.5 - missing functions: none
symbol engine: initialized successfully - sym options: 0x614 - pdb path: .;C:\Program Files\Java\jdk-11.0.11\bin;C:\Windows\SYSTEM32;C:\Windows\WinSxS\amd64_microsoft.windows.common-controls_6595b64144ccf1df_6.0.18362.418_none_e6c6b287130d565d;C:\Program Files\Java\jdk-11.0.11\bin\server

VM Arguments:
jvm_args: -Dorg.gradle.native=false -Xmx512m -Dfile.encoding=windows-1252 -Duser.country=US -Duser.language=en -Duser.variant -ea 
java_command: worker.org.gradle.process.internal.worker.GradleWorkerMain 'Gradle Test Executor 8'
java_class_path (initial): C:\Users\Shweta\.gradle\caches\6.8\workerMain\gradle-worker.jar;C:\Users\Shweta\IdeaProjects\DB Testing\build\classes\java\test;C:\Users\Shweta\IdeaProjects\DB Testing\build\resources\test;C:\Users\Shweta\IdeaProjects\DB Testing\build\classes\java\main;C:\Users\Shweta\IdeaProjects\DB Testing\build\resources\main;C:\Users\Shweta\.gradle\caches\modules-2\files-2.1\mysql\mysql-connector-java\8.0.25\f8b9123acd13058c941aff25f308c9ed8000bb73\mysql-connector-java-8.0.25.jar;C:\Users\Shweta\.gradle\caches\modules-2\files-2.1\org.testng\testng\7.3.0\a5069c3dfba58d23702f96c3d9f5081f5ce7136f\testng-7.3.0.jar;C:\Users\Shweta\.gradle\caches\modules-2\files-2.1\com.google.protobuf\protobuf-java\3.11.4\7ec0925cc3aef0335bbc7d57edfd42b0f86f8267\protobuf-java-3.11.4.jar;C:\Users\Shweta\.gradle\caches\modules-2\files-2.1\com.beust\jcommander\1.78\a3927de9bd6f351429bcf763712c9890629d8f51\jcommander-1.78.jar;C:\Users\Shweta\.gradle\caches\modules-2\files-2.1\org.apache.ant\ant\1.10.3\88becdeb77cdd2457757b7268e1a10666c03d382\ant-1.10.3.jar;C:\Users\Shweta\.gradle\caches\modules-2\files-2.1\junit\junit\4.12\2973d150c0dc1fefe998f834810d68f278ea58ec\junit-4.12.jar;C:\Users\Shweta\.gradle\caches\modules-2\files-2.1\com.google.inject\guice\4.2.2\fa13659f9128f4c011c8e1d06f137083b4876377\guice-4.2.2-no_aop.jar;C:\Users\Shweta\.gradle\caches\modules-2\files-2.1\org.yaml\snakeyaml\1.21\18775fdda48574784f40b47bf478ab0593f92e4d\snakeyaml-1.21.jar;C:\Users\Shweta\.gradle\caches\modules-2\files-2.1\org.apache.ant\ant-launcher\1.10.3\9dd5189e7f561ca19833b4e3672720b9bc5cb2fe\ant-launcher-1.10.3.jar;C:\Users\Shweta\.gradle\caches\modules-2\files-2.1\org.hamcrest\hamcrest-core\1.3\42a25dc3219429f0e5d060061f71acb49bf010a0\hamcrest-core-1.3.jar;C:\Users\Shweta\.gradle\caches\modules-2\files-2.1\javax.inject\javax.inject\1\6975da39a7040257bd51d21a231b76c915872d38\javax.inject-1.jar;C:\Users\Shweta\.gradle\caches\modules-2\files-2.1\aopalliance\aopalliance\1.0\235ba8b489512805ac1
Launcher Type: SUN_STANDARD

[Global flags]
     intx CICompilerCount                          = 3                                         {product} {ergonomic}
     uint ConcGCThreads                            = 1                                         {product} {ergonomic}
     uint G1ConcRefinementThreads                  = 4                                         {product} {ergonomic}
   size_t G1HeapRegionSize                         = 1048576                                   {product} {ergonomic}
    uintx GCDrainStackTargetSize                   = 64                                        {product} {ergonomic}
   size_t InitialHeapSize                          = 67108864                                  {product} {ergonomic}
   size_t MarkStackSize                            = 4194304                                   {product} {ergonomic}
   size_t MaxHeapSize                              = 536870912                                 {product} {command line}
   size_t MinHeapDeltaBytes                        = 1048576                                   {product} {ergonomic}
    uintx NonNMethodCodeHeapSize                   = 5830732                                {pd product} {ergonomic}
    uintx NonProfiledCodeHeapSize                  = 122913754                              {pd product} {ergonomic}
    uintx ProfiledCodeHeapSize                     = 122913754                              {pd product} {ergonomic}
    uintx ReservedCodeCacheSize                    = 251658240                              {pd product} {ergonomic}
     bool SegmentedCodeCache                       = true                                      {product} {ergonomic}
     bool UseCompressedClassPointers               = true                                 {lp64_product} {ergonomic}
     bool UseCompressedOops                        = true                                 {lp64_product} {ergonomic}
     bool UseG1GC                                  = true                                      {product} {ergonomic}
     bool UseLargePagesIndividualAllocation        = false                                  {pd product} {ergonomic}

Logging:
Log output configuration:
 #0: stdout all=warning uptime,level,tags
 #1: stderr all=off uptime,level,tags

Environment Variables:
JAVA_HOME=C:\Program Files\Java\jdk-11.0.11
PATH=C:\Python39\Scripts\;C:\Python39\;C:\Windows\system32;C:\Windows;C:\Windows\System32\Wbem;C:\Windows\System32\WindowsPowerShell\v1.0\;C:\Windows\System32\OpenSSH\;C:\Program Files\Git\cmd;C:\Program Files\Java\jdk-11.0.11\bin;C:\ProgramData\chocolatey\bin;C:\Program Files\nodejs\;C:\Program Files\MySQL\MySQL Shell 8.0\bin\;C:\Users\Shweta\AppData\Local\Microsoft\WindowsApps;;C:\Program Files\JetBrains\IntelliJ IDEA Community Edition 2021.1.2\bin;;C:\Users\Shweta\AppData\Local\Programs\Microsoft VS Code\bin;C:\Users\Shweta\AppData\Roaming\npm
USERNAME=Shweta
OS=Windows_NT
PROCESSOR_IDENTIFIER=Intel64 Family 6 Model 69 Stepping 1, GenuineIntel



---------------  S Y S T E M  ---------------

OS: Windows 10 , 64 bit Build 18362 (10.0.18362.329)

CPU:total 4 (initial active 4) (2 cores per cpu, 2 threads per core) family 6 model 69 stepping 1 microcode 0x24, cmov, cx8, fxsr, mmx, sse, sse2, sse3, ssse3, sse4.1, sse4.2, popcnt, avx, avx2, aes, clmul, erms, lzcnt, ht, tsc, tscinvbit, bmi1, bmi2, fma

Memory: 4k page, system-wide physical 3999M (185M free)
TotalPageFile size 6344M (AvailPageFile size 53M)
current process WorkingSet (physical memory assigned to process): 9M, peak: 9M
current process commit charge ("private bytes"): 51M, peak: 115M

vm_info: Java HotSpot(TM) 64-Bit Server VM (11.0.11+9-LTS-194) for windows-amd64 JRE (11.0.11+9-LTS-194), built on Mar 18 2021 18:46:53 by "mach5one" with MS VC++ 15.9 (VS2017)

END.
